2019-09-07 15:05:12.472  INFO 4860 --- [main] c.p.b.bc_prace.BcPraceApplication        : No active profile set, falling back to default profiles: default
2019-09-07 15:05:13.122  INFO 4860 --- [main] .s.d.r.c.RepositoryConfigurationDelegate : Bootstrapping Spring Data repositories in DEFAULT mode.
2019-09-07 15:05:13.192  INFO 4860 --- [main] .s.d.r.c.RepositoryConfigurationDelegate : Finished Spring Data repository scanning in 70ms. Found 3 repository interfaces.
2019-09-07 15:05:13.392  INFO 4860 --- [main] o.s.cloud.context.scope.GenericScope     : BeanFactory id=60e1320b-fd6b-345f-965b-d71af7760d3e
2019-09-07 15:05:13.492  INFO 4860 --- [main] trationDelegate$BeanPostProcessorChecker : Bean 'org.springframework.transaction.annotation.ProxyTransactionManagementConfiguration' of type [org.springframework.transaction.annotation.ProxyTransactionManagementConfiguration$$EnhancerBySpringCGLIB$$a9d7bf4e] is not eligible for getting processed by all BeanPostProcessors (for example: not eligible for auto-proxying)
2019-09-07 15:05:13.522  INFO 4860 --- [main] trationDelegate$BeanPostProcessorChecker : Bean 'org.springframework.security.config.annotation.configuration.ObjectPostProcessorConfiguration' of type [org.springframework.security.config.annotation.configuration.ObjectPostProcessorConfiguration$$EnhancerBySpringCGLIB$$42858788] is not eligible for getting processed by all BeanPostProcessors (for example: not eligible for auto-proxying)
2019-09-07 15:05:13.522  INFO 4860 --- [main] trationDelegate$BeanPostProcessorChecker : Bean 'objectPostProcessor' of type [org.springframework.security.config.annotation.configuration.AutowireBeanFactoryObjectPostProcessor] is not eligible for getting processed by all BeanPostProcessors (for example: not eligible for auto-proxying)
2019-09-07 15:05:13.522  INFO 4860 --- [main] trationDelegate$BeanPostProcessorChecker : Bean 'org.springframework.security.access.expression.method.DefaultMethodSecurityExpressionHandler@7d528cf7' of type [org.springframework.security.oauth2.provider.expression.OAuth2MethodSecurityExpressionHandler] is not eligible for getting processed by all BeanPostProcessors (for example: not eligible for auto-proxying)
2019-09-07 15:05:13.532  INFO 4860 --- [main] trationDelegate$BeanPostProcessorChecker : Bean 'org.springframework.security.config.annotation.method.configuration.GlobalMethodSecurityConfiguration' of type [org.springframework.security.config.annotation.method.configuration.GlobalMethodSecurityConfiguration$$EnhancerBySpringCGLIB$$675a2a3a] is not eligible for getting processed by all BeanPostProcessors (for example: not eligible for auto-proxying)
2019-09-07 15:05:13.532  INFO 4860 --- [main] trationDelegate$BeanPostProcessorChecker : Bean 'methodSecurityMetadataSource' of type [org.springframework.security.access.method.DelegatingMethodSecurityMetadataSource] is not eligible for getting processed by all BeanPostProcessors (for example: not eligible for auto-proxying)
2019-09-07 15:05:13.552  INFO 4860 --- [main] trationDelegate$BeanPostProcessorChecker : Bean 'org.springframework.cloud.autoconfigure.ConfigurationPropertiesRebinderAutoConfiguration' of type [org.springframework.cloud.autoconfigure.ConfigurationPropertiesRebinderAutoConfiguration$$EnhancerBySpringCGLIB$$c5f1c24b] is not eligible for getting processed by all BeanPostProcessors (for example: not eligible for auto-proxying)
2019-09-07 15:05:13.772  INFO 4860 --- [main] o.s.b.w.embedded.tomcat.TomcatWebServer  : Tomcat initialized with port(s): 8443 (https)
2019-09-07 15:05:13.792  INFO 4860 --- [main] o.apache.catalina.core.StandardService   : Starting service [Tomcat]
2019-09-07 15:05:13.792  INFO 4860 --- [main] org.apache.catalina.core.StandardEngine  : Starting Servlet engine: [Apache Tomcat/9.0.21]
2019-09-07 15:05:13.922  INFO 4860 --- [main] o.a.c.c.C.[Tomcat].[localhost].[/]       : Initializing Spring embedded WebApplicationContext
2019-09-07 15:05:13.922  INFO 4860 --- [main] o.s.web.context.ContextLoader            : Root WebApplicationContext: initialization completed in 1440 ms
2019-09-07 15:05:14.487  INFO 4860 --- [main] com.zaxxer.hikari.HikariDataSource       : HikariPool-1 - Starting...
2019-09-07 15:05:14.712  INFO 4860 --- [main] com.zaxxer.hikari.HikariDataSource       : HikariPool-1 - Start completed.
2019-09-07 15:05:14.757  INFO 4860 --- [main] o.hibernate.jpa.internal.util.LogHelper  : HHH000204: Processing PersistenceUnitInfo [
	name: default
	...]
2019-09-07 15:05:14.792  INFO 4860 --- [main] org.hibernate.Version                    : HHH000412: Hibernate Core {5.3.10.Final}
2019-09-07 15:05:14.797  INFO 4860 --- [main] org.hibernate.cfg.Environment            : HHH000206: hibernate.properties not found
2019-09-07 15:05:14.882  INFO 4860 --- [main] o.hibernate.annotations.common.Version   : HCANN000001: Hibernate Commons Annotations {5.0.4.Final}
2019-09-07 15:05:14.982  INFO 4860 --- [main] org.hibernate.dialect.Dialect            : HHH000400: Using dialect: org.hibernate.dialect.MySQL5InnoDBDialect
2019-09-07 15:05:15.172  WARN 4860 --- [main] org.hibernate.mapping.RootClass          : HHH000038: Composite-id class does not override equals(): com.patrikmaryska.bc_prace.bc_prace.model.UserDocumentsId
2019-09-07 15:05:15.172  WARN 4860 --- [main] org.hibernate.mapping.RootClass          : HHH000039: Composite-id class does not override hashCode(): com.patrikmaryska.bc_prace.bc_prace.model.UserDocumentsId
2019-09-07 15:05:15.442  INFO 4860 --- [main] org.hibernate.tuple.PojoInstantiator     : HHH000182: No default (no-argument) constructor for class: com.patrikmaryska.bc_prace.bc_prace.model.LoginAttempt (class must be instantiated by Interceptor)
2019-09-07 15:05:15.757  INFO 4860 --- [main] j.LocalContainerEntityManagerFactoryBean : Initialized JPA EntityManagerFactory for persistence unit 'default'
2019-09-07 15:05:16.477  INFO 4860 --- [main] o.s.s.web.DefaultSecurityFilterChain     : Creating filter chain: OrRequestMatcher [requestMatchers=[Ant [pattern='/oauth/token'], Ant [pattern='/oauth/token_key'], Ant [pattern='/oauth/check_token']]], [org.springframework.security.web.context.request.async.WebAsyncManagerIntegrationFilter@570089c4, org.springframework.security.web.context.SecurityContextPersistenceFilter@7ef34eb3, org.springframework.security.web.header.HeaderWriterFilter@28901fe7, org.springframework.security.web.authentication.logout.LogoutFilter@2a41d17a, org.springframework.security.web.authentication.www.BasicAuthenticationFilter@495a9305, org.springframework.security.web.savedrequest.RequestCacheAwareFilter@5dfc7b3f, org.springframework.security.web.servletapi.SecurityContextHolderAwareRequestFilter@4c5ae26d, org.springframework.security.web.authentication.AnonymousAuthenticationFilter@409df37d, org.springframework.security.web.session.SessionManagementFilter@4d86f330, org.springframework.security.web.access.ExceptionTranslationFilter@42bbd21c, org.springframework.security.web.access.intercept.FilterSecurityInterceptor@5fb58f15]
2019-09-07 15:05:16.487  INFO 4860 --- [main] o.s.s.web.DefaultSecurityFilterChain     : Creating filter chain: org.springframework.security.oauth2.config.annotation.web.configuration.ResourceServerConfiguration$NotOAuthRequestMatcher@147ea894, [org.springframework.security.web.context.request.async.WebAsyncManagerIntegrationFilter@38aed8ad, org.springframework.security.web.context.SecurityContextPersistenceFilter@5b908c6d, org.springframework.security.web.header.HeaderWriterFilter@6e2e11ee, org.springframework.security.web.authentication.logout.LogoutFilter@7695184b, org.springframework.security.oauth2.provider.authentication.OAuth2AuthenticationProcessingFilter@52288c65, org.springframework.security.web.savedrequest.RequestCacheAwareFilter@c2ddfeb, org.springframework.security.web.servletapi.SecurityContextHolderAwareRequestFilter@12921ee1, org.springframework.security.web.session.SessionManagementFilter@189f9f9f, org.springframework.security.web.access.ExceptionTranslationFilter@33fc92d6, org.springframework.security.web.access.intercept.FilterSecurityInterceptor@141874c8]
2019-09-07 15:05:16.492  INFO 4860 --- [main] o.s.s.w.a.c.ChannelProcessingFilter      : Validated configuration attributes
2019-09-07 15:05:16.492  INFO 4860 --- [main] o.s.s.web.DefaultSecurityFilterChain     : Creating filter chain: any request, [org.springframework.security.web.access.channel.ChannelProcessingFilter@1407b93f, org.springframework.security.web.context.request.async.WebAsyncManagerIntegrationFilter@5aff8207, org.springframework.security.web.context.SecurityContextPersistenceFilter@a15e3c1, org.springframework.security.web.header.HeaderWriterFilter@5da799, org.springframework.security.web.csrf.CsrfFilter@36def543, org.springframework.security.web.authentication.logout.LogoutFilter@6b578779, org.springframework.security.web.savedrequest.RequestCacheAwareFilter@46c92d27, org.springframework.security.web.servletapi.SecurityContextHolderAwareRequestFilter@2bc52b08, org.springframework.security.web.authentication.AnonymousAuthenticationFilter@6a5a99d9, org.springframework.security.web.session.SessionManagementFilter@2b0d6bf2, org.springframework.security.web.access.ExceptionTranslationFilter@10ab976b]
2019-09-07 15:05:16.652  INFO 4860 --- [main] o.s.s.concurrent.ThreadPoolTaskExecutor  : Initializing ExecutorService 'applicationTaskExecutor'
2019-09-07 15:05:16.692  WARN 4860 --- [main] aWebConfiguration$JpaWebMvcConfiguration : spring.jpa.open-in-view is enabled by default. Therefore, database queries may be performed during view rendering. Explicitly configure spring.jpa.open-in-view to disable this warning
2019-09-07 15:05:16.952  INFO 4860 --- [main] o.s.b.a.e.web.EndpointLinksResolver      : Exposing 2 endpoint(s) beneath base path '/actuator'
2019-09-07 15:05:16.987  INFO 4860 --- [main] o.s.s.c.ThreadPoolTaskScheduler          : Initializing ExecutorService 'taskScheduler'
2019-09-07 15:05:18.222  INFO 4860 --- [main] o.s.cloud.commons.util.InetUtils         : Cannot determine local hostname
2019-09-07 15:05:18.732  INFO 4860 --- [main] o.s.b.w.embedded.tomcat.TomcatWebServer  : Tomcat started on port(s): 8443 (https) with context path ''
2019-09-07 15:05:18.732  INFO 4860 --- [main] c.p.b.bc_prace.BcPraceApplication        : Started BcPraceApplication in 9.16 seconds (JVM running for 9.803)
2019-09-07 15:05:19.342  INFO 4860 --- [RMI TCP Connection(5)-169.254.73.131] o.a.c.c.C.[Tomcat].[localhost].[/]       : Initializing Spring DispatcherServlet 'dispatcherServlet'
2019-09-07 15:05:19.342  INFO 4860 --- [RMI TCP Connection(5)-169.254.73.131] o.s.web.servlet.DispatcherServlet        : Initializing Servlet 'dispatcherServlet'
2019-09-07 15:05:19.352  INFO 4860 --- [RMI TCP Connection(5)-169.254.73.131] o.s.web.servlet.DispatcherServlet        : Completed initialization in 10 ms
2019-09-07 15:05:52.632  INFO 4860 --- [https-jsse-nio-8443-exec-9] o.h.h.i.QueryTranslatorFactoryInitiator  : HHH000397: Using ASTQueryTranslatorFactory
2019-09-07 15:05:52.807  WARN 4860 --- [https-jsse-nio-8443-exec-9] login                                    : Unsuccessful login:  test@seznam.cz ip address:0:0:0:0:0:0:0:1
2019-09-07 15:05:52.892  WARN 4860 --- [https-jsse-nio-8443-exec-9] o.s.s.o.provider.endpoint.TokenEndpoint  : Handling error: InvalidGrantException, Bad credentials
2019-09-07 15:07:57.062  INFO 10192 --- [main] c.p.b.bc_prace.BcPraceApplication        : No active profile set, falling back to default profiles: default
2019-09-07 15:07:57.699  INFO 10192 --- [main] .s.d.r.c.RepositoryConfigurationDelegate : Bootstrapping Spring Data repositories in DEFAULT mode.
2019-09-07 15:07:57.762  INFO 10192 --- [main] .s.d.r.c.RepositoryConfigurationDelegate : Finished Spring Data repository scanning in 60ms. Found 3 repository interfaces.
2019-09-07 15:07:57.962  INFO 10192 --- [main] o.s.cloud.context.scope.GenericScope     : BeanFactory id=60e1320b-fd6b-345f-965b-d71af7760d3e
2019-09-07 15:07:58.062  INFO 10192 --- [main] trationDelegate$BeanPostProcessorChecker : Bean 'org.springframework.transaction.annotation.ProxyTransactionManagementConfiguration' of type [org.springframework.transaction.annotation.ProxyTransactionManagementConfiguration$$EnhancerBySpringCGLIB$$a41582c4] is not eligible for getting processed by all BeanPostProcessors (for example: not eligible for auto-proxying)
2019-09-07 15:07:58.082  INFO 10192 --- [main] trationDelegate$BeanPostProcessorChecker : Bean 'org.springframework.security.config.annotation.configuration.ObjectPostProcessorConfiguration' of type [org.springframework.security.config.annotation.configuration.ObjectPostProcessorConfiguration$$EnhancerBySpringCGLIB$$3cc34afe] is not eligible for getting processed by all BeanPostProcessors (for example: not eligible for auto-proxying)
2019-09-07 15:07:58.092  INFO 10192 --- [main] trationDelegate$BeanPostProcessorChecker : Bean 'objectPostProcessor' of type [org.springframework.security.config.annotation.configuration.AutowireBeanFactoryObjectPostProcessor] is not eligible for getting processed by all BeanPostProcessors (for example: not eligible for auto-proxying)
2019-09-07 15:07:58.092  INFO 10192 --- [main] trationDelegate$BeanPostProcessorChecker : Bean 'org.springframework.security.access.expression.method.DefaultMethodSecurityExpressionHandler@28e0e464' of type [org.springframework.security.oauth2.provider.expression.OAuth2MethodSecurityExpressionHandler] is not eligible for getting processed by all BeanPostProcessors (for example: not eligible for auto-proxying)
2019-09-07 15:07:58.099  INFO 10192 --- [main] trationDelegate$BeanPostProcessorChecker : Bean 'org.springframework.security.config.annotation.method.configuration.GlobalMethodSecurityConfiguration' of type [org.springframework.security.config.annotation.method.configuration.GlobalMethodSecurityConfiguration$$EnhancerBySpringCGLIB$$6197edb0] is not eligible for getting processed by all BeanPostProcessors (for example: not eligible for auto-proxying)
2019-09-07 15:07:58.102  INFO 10192 --- [main] trationDelegate$BeanPostProcessorChecker : Bean 'methodSecurityMetadataSource' of type [org.springframework.security.access.method.DelegatingMethodSecurityMetadataSource] is not eligible for getting processed by all BeanPostProcessors (for example: not eligible for auto-proxying)
2019-09-07 15:07:58.112  INFO 10192 --- [main] trationDelegate$BeanPostProcessorChecker : Bean 'org.springframework.cloud.autoconfigure.ConfigurationPropertiesRebinderAutoConfiguration' of type [org.springframework.cloud.autoconfigure.ConfigurationPropertiesRebinderAutoConfiguration$$EnhancerBySpringCGLIB$$c02f85c1] is not eligible for getting processed by all BeanPostProcessors (for example: not eligible for auto-proxying)
2019-09-07 15:07:58.332  INFO 10192 --- [main] o.s.b.w.embedded.tomcat.TomcatWebServer  : Tomcat initialized with port(s): 8443 (https)
2019-09-07 15:07:58.352  INFO 10192 --- [main] o.apache.catalina.core.StandardService   : Starting service [Tomcat]
2019-09-07 15:07:58.352  INFO 10192 --- [main] org.apache.catalina.core.StandardEngine  : Starting Servlet engine: [Apache Tomcat/9.0.21]
2019-09-07 15:07:58.482  INFO 10192 --- [main] o.a.c.c.C.[Tomcat].[localhost].[/]       : Initializing Spring embedded WebApplicationContext
2019-09-07 15:07:58.482  INFO 10192 --- [main] o.s.web.context.ContextLoader            : Root WebApplicationContext: initialization completed in 1410 ms
2019-09-07 15:07:59.062  INFO 10192 --- [main] com.zaxxer.hikari.HikariDataSource       : HikariPool-1 - Starting...
2019-09-07 15:07:59.312  INFO 10192 --- [main] com.zaxxer.hikari.HikariDataSource       : HikariPool-1 - Start completed.
2019-09-07 15:07:59.352  INFO 10192 --- [main] o.hibernate.jpa.internal.util.LogHelper  : HHH000204: Processing PersistenceUnitInfo [
	name: default
	...]
2019-09-07 15:07:59.392  INFO 10192 --- [main] org.hibernate.Version                    : HHH000412: Hibernate Core {5.3.10.Final}
2019-09-07 15:07:59.400  INFO 10192 --- [main] org.hibernate.cfg.Environment            : HHH000206: hibernate.properties not found
2019-09-07 15:07:59.482  INFO 10192 --- [main] o.hibernate.annotations.common.Version   : HCANN000001: Hibernate Commons Annotations {5.0.4.Final}
2019-09-07 15:07:59.582  INFO 10192 --- [main] org.hibernate.dialect.Dialect            : HHH000400: Using dialect: org.hibernate.dialect.MySQL5InnoDBDialect
2019-09-07 15:07:59.762  WARN 10192 --- [main] org.hibernate.mapping.RootClass          : HHH000038: Composite-id class does not override equals(): com.patrikmaryska.bc_prace.bc_prace.model.UserDocumentsId
2019-09-07 15:07:59.772  WARN 10192 --- [main] org.hibernate.mapping.RootClass          : HHH000039: Composite-id class does not override hashCode(): com.patrikmaryska.bc_prace.bc_prace.model.UserDocumentsId
2019-09-07 15:08:00.042  INFO 10192 --- [main] org.hibernate.tuple.PojoInstantiator     : HHH000182: No default (no-argument) constructor for class: com.patrikmaryska.bc_prace.bc_prace.model.LoginAttempt (class must be instantiated by Interceptor)
2019-09-07 15:08:00.362  INFO 10192 --- [main] j.LocalContainerEntityManagerFactoryBean : Initialized JPA EntityManagerFactory for persistence unit 'default'
2019-09-07 15:08:01.112  INFO 10192 --- [main] o.s.s.web.DefaultSecurityFilterChain     : Creating filter chain: OrRequestMatcher [requestMatchers=[Ant [pattern='/oauth/token'], Ant [pattern='/oauth/token_key'], Ant [pattern='/oauth/check_token']]], [org.springframework.security.web.context.request.async.WebAsyncManagerIntegrationFilter@77350382, org.springframework.security.web.context.SecurityContextPersistenceFilter@38276668, org.springframework.security.web.header.HeaderWriterFilter@106c3e0a, org.springframework.security.web.authentication.logout.LogoutFilter@74eae1e0, org.springframework.security.web.authentication.www.BasicAuthenticationFilter@12921ee1, org.springframework.security.web.savedrequest.RequestCacheAwareFilter@2688b2be, org.springframework.security.web.servletapi.SecurityContextHolderAwareRequestFilter@57330423, org.springframework.security.web.authentication.AnonymousAuthenticationFilter@4fbdee7a, org.springframework.security.web.session.SessionManagementFilter@22c14d10, org.springframework.security.web.access.ExceptionTranslationFilter@1b641c97, org.springframework.security.web.access.intercept.FilterSecurityInterceptor@369d624d]
2019-09-07 15:08:01.122  INFO 10192 --- [main] o.s.s.web.DefaultSecurityFilterChain     : Creating filter chain: org.springframework.security.oauth2.config.annotation.web.configuration.ResourceServerConfiguration$NotOAuthRequestMatcher@7859fc7, [org.springframework.security.web.context.request.async.WebAsyncManagerIntegrationFilter@519e14f6, org.springframework.security.web.context.SecurityContextPersistenceFilter@42fc744, org.springframework.security.web.header.HeaderWriterFilter@38241615, org.springframework.security.web.authentication.logout.LogoutFilter@7915111a, org.springframework.security.oauth2.provider.authentication.OAuth2AuthenticationProcessingFilter@7f0b2bf1, org.springframework.security.web.savedrequest.RequestCacheAwareFilter@3db145f7, org.springframework.security.web.servletapi.SecurityContextHolderAwareRequestFilter@25bd68ea, org.springframework.security.web.session.SessionManagementFilter@2b3ee95e, org.springframework.security.web.access.ExceptionTranslationFilter@444fbd13, org.springframework.security.web.access.intercept.FilterSecurityInterceptor@2e07dc23]
2019-09-07 15:08:01.132  INFO 10192 --- [main] o.s.s.w.a.c.ChannelProcessingFilter      : Validated configuration attributes
2019-09-07 15:08:01.132  INFO 10192 --- [main] o.s.s.web.DefaultSecurityFilterChain     : Creating filter chain: any request, [org.springframework.security.web.access.channel.ChannelProcessingFilter@c6a1be2, org.springframework.security.web.context.request.async.WebAsyncManagerIntegrationFilter@6a486afb, org.springframework.security.web.context.SecurityContextPersistenceFilter@235b4aea, org.springframework.security.web.header.HeaderWriterFilter@68a7bc12, org.springframework.security.web.csrf.CsrfFilter@4349389d, org.springframework.security.web.authentication.logout.LogoutFilter@1dcf5f38, org.springframework.security.web.savedrequest.RequestCacheAwareFilter@31f4fdc5, org.springframework.security.web.servletapi.SecurityContextHolderAwareRequestFilter@64e680c5, org.springframework.security.web.authentication.AnonymousAuthenticationFilter@30623109, org.springframework.security.web.session.SessionManagementFilter@14f03f2, org.springframework.security.web.access.ExceptionTranslationFilter@6ccfce5a]
2019-09-07 15:08:01.302  INFO 10192 --- [main] o.s.s.concurrent.ThreadPoolTaskExecutor  : Initializing ExecutorService 'applicationTaskExecutor'
2019-09-07 15:08:01.332  WARN 10192 --- [main] aWebConfiguration$JpaWebMvcConfiguration : spring.jpa.open-in-view is enabled by default. Therefore, database queries may be performed during view rendering. Explicitly configure spring.jpa.open-in-view to disable this warning
2019-09-07 15:08:01.582  INFO 10192 --- [main] o.s.b.a.e.web.EndpointLinksResolver      : Exposing 2 endpoint(s) beneath base path '/actuator'
2019-09-07 15:08:01.622  INFO 10192 --- [main] o.s.s.c.ThreadPoolTaskScheduler          : Initializing ExecutorService 'taskScheduler'
2019-09-07 15:08:02.882  INFO 10192 --- [main] o.s.cloud.commons.util.InetUtils         : Cannot determine local hostname
2019-09-07 15:08:03.382  INFO 10192 --- [main] o.s.b.w.embedded.tomcat.TomcatWebServer  : Tomcat started on port(s): 8443 (https) with context path ''
2019-09-07 15:08:03.392  INFO 10192 --- [main] c.p.b.bc_prace.BcPraceApplication        : Started BcPraceApplication in 9.26 seconds (JVM running for 9.912)
2019-09-07 15:08:03.722  INFO 10192 --- [RMI TCP Connection(4)-169.254.73.131] o.a.c.c.C.[Tomcat].[localhost].[/]       : Initializing Spring DispatcherServlet 'dispatcherServlet'
2019-09-07 15:08:03.722  INFO 10192 --- [RMI TCP Connection(4)-169.254.73.131] o.s.web.servlet.DispatcherServlet        : Initializing Servlet 'dispatcherServlet'
2019-09-07 15:08:03.732  INFO 10192 --- [RMI TCP Connection(4)-169.254.73.131] o.s.web.servlet.DispatcherServlet        : Completed initialization in 10 ms
